#
# There is insufficient memory for the Java Runtime Environment to continue.
# Native memory allocation (malloc) failed to allocate 329872 bytes for Chunk::new
# Possible reasons:
#   The system is out of physical RAM or swap space
#   In 32 bit mode, the process size limit was hit
# Possible solutions:
#   Reduce memory load on the system
#   Increase physical memory or swap space
#   Check if swap backing store is full
#   Use 64 bit Java on a 64 bit OS
#   Decrease Java heap size (-Xmx/-Xms)
#   Decrease number of Java threads
#   Decrease Java thread stack sizes (-Xss)
#   Set larger code cache with -XX:ReservedCodeCacheSize=
# This output file may be truncated or incomplete.
#
#  Out of Memory Error (allocation.cpp:390), pid=9780, tid=0x0000000000002200
#
# JRE version: OpenJDK Runtime Environment (8.0_152-b01) (build 1.8.0_152-release-915-b01)
# Java VM: OpenJDK 64-Bit Server VM (25.152-b01 mixed mode windows-amd64 compressed oops)
# Failed to write core dump. Minidumps are not enabled by default on client versions of Windows
#

---------------  T H R E A D  ---------------

Current thread (0x0000000015cbe000):  JavaThread "C2 CompilerThread1" daemon [_thread_in_native, id=8704, stack(0x0000000017430000,0x0000000017530000)]

Stack: [0x0000000017430000,0x0000000017530000]
[error occurred during error reporting (printing stack bounds), id 0xc0000005]

Native frames: (J=compiled Java code, j=interpreted, Vv=VM code, C=native code)


Current CompileTask:
C2:  16374 3817   !   4       java.net.URLClassLoader$1::run (63 bytes)


---------------  P R O C E S S  ---------------

Java Threads: ( => current thread )
  0x000000001bc87800 JavaThread "Memory manager" [_thread_blocked, id=3624, stack(0x0000000020330000,0x0000000020430000)]
  0x000000001bc88800 JavaThread "build operations Thread 4" [_thread_blocked, id=3832, stack(0x000000001fc30000,0x000000001fd30000)]
  0x000000001bc87000 JavaThread "build operations Thread 3" [_thread_blocked, id=6784, stack(0x000000001fb30000,0x000000001fc30000)]
  0x000000001bc85800 JavaThread "build operations Thread 2" [_thread_blocked, id=10084, stack(0x000000001fa30000,0x000000001fb30000)]
  0x000000001bc84800 JavaThread "build operations" [_thread_blocked, id=824, stack(0x000000001f830000,0x000000001f930000)]
  0x0000000015cd6000 JavaThread "Cache worker for Artifact transforms cache (C:\Users\tog\.gradle\caches\transforms-1)" [_thread_blocked, id=8968, stack(0x000000001e270000,0x000000001e370000)]
  0x000000001905e800 JavaThread "Cache worker for file hash cache (D:\projets\boxs\box\BoxPreventium\.gradle\4.1\fileHashes)" [_thread_blocked, id=6484, stack(0x000000001b7d0000,0x000000001b8d0000)]
  0x00000000189c5800 JavaThread "File lock request listener" [_thread_in_native, id=5048, stack(0x000000001b6d0000,0x000000001b7d0000)]
  0x0000000017c6f800 JavaThread "Cache worker for file hash cache (C:\Users\tog\.gradle\caches\4.1\fileHashes)" [_thread_blocked, id=4844, stack(0x000000001b3d0000,0x000000001b4d0000)]
  0x0000000017fbd000 JavaThread "Stdin handler" [_thread_blocked, id=6272, stack(0x000000001b2d0000,0x000000001b3d0000)]
  0x00000000177b9000 JavaThread "Asynchronous log dispatcher for DefaultDaemonConnection: socket connection from /127.0.0.1:51754 to /127.0.0.1:51755" [_thread_blocked, id=7656, stack(0x000000001b1d0000,0x000000001b2d0000)]
  0x00000000189ee800 JavaThread "Daemon worker" [_thread_in_Java, id=6556, stack(0x000000001b0d0000,0x000000001b1d0000)]
  0x0000000017e94800 JavaThread "Cancel handler" [_thread_blocked, id=7716, stack(0x000000001afd0000,0x000000001b0d0000)]
  0x00000000188bc000 JavaThread "Handler for socket connection from /127.0.0.1:51754 to /127.0.0.1:51755" [_thread_in_native, id=9508, stack(0x000000001acd0000,0x000000001add0000)]
  0x00000000188bb000 JavaThread "Daemon" [_thread_blocked, id=10196, stack(0x000000001abd0000,0x000000001acd0000)]
  0x0000000018e4a000 JavaThread "Daemon periodic checks" [_thread_blocked, id=9284, stack(0x000000001aad0000,0x000000001abd0000)]
  0x0000000018a28800 JavaThread "Incoming local TCP Connector on port 51754" [_thread_in_native, id=7880, stack(0x0000000019400000,0x0000000019500000)]
  0x000000001765b800 JavaThread "Service Thread" daemon [_thread_blocked, id=9896, stack(0x0000000017a30000,0x0000000017b30000)]
  0x0000000015cd1000 JavaThread "C1 CompilerThread2" daemon [_thread_in_native, id=6824, stack(0x0000000017530000,0x0000000017630000)]
=>0x0000000015cbe000 JavaThread "C2 CompilerThread1" daemon [_thread_in_native, id=8704, stack(0x0000000017430000,0x0000000017530000)]
  0x0000000015cb8800 JavaThread "C2 CompilerThread0" daemon [_thread_in_native, id=6540, stack(0x0000000017330000,0x0000000017430000)]
  0x0000000015cc6800 JavaThread "Attach Listener" daemon [_thread_blocked, id=5704, stack(0x0000000017230000,0x0000000017330000)]
  0x0000000015cc5000 JavaThread "Signal Dispatcher" daemon [_thread_blocked, id=7820, stack(0x0000000017130000,0x0000000017230000)]
  0x0000000015ca8800 JavaThread "Finalizer" daemon [_thread_blocked, id=2644, stack(0x0000000016f20000,0x0000000017020000)]
  0x0000000002321800 JavaThread "Reference Handler" daemon [_thread_blocked, id=4228, stack(0x0000000016e20000,0x0000000016f20000)]
  0x00000000020de000 JavaThread "main" [_thread_blocked, id=10032, stack(0x0000000002100000,0x0000000002200000)]

Other Threads:
  0x0000000015c84000 VMThread [stack: 0x0000000016d20000,0x0000000016e20000] [id=7576]
  0x000000001765c800 WatcherThread [stack: 0x0000000017b30000,0x0000000017c30000] [id=9848]

VM state:not at safepoint (normal execution)

VM Mutex/Monitor currently owned by a thread: None

Heap:
 PSYoungGen      total 115200K, used 27987K [0x00000000e0000000, 0x00000000e8700000, 0x0000000100000000)
  eden space 104960K, 26% used [0x00000000e0000000,0x00000000e1b54cc0,0x00000000e6680000)
  from space 10240K, 0% used [0x00000000e7100000,0x00000000e7100000,0x00000000e7b00000)
  to   space 10752K, 0% used [0x00000000e6680000,0x00000000e6680000,0x00000000e7100000)
 ParOldGen       total 53248K, used 13427K [0x00000000a0000000, 0x00000000a3400000, 0x00000000e0000000)
  object space 53248K, 25% used [0x00000000a0000000,0x00000000a0d1ce98,0x00000000a3400000)
 Metaspace       used 37435K, capacity 38278K, committed 38616K, reserved 1083392K
  class space    used 5041K, capacity 5363K, committed 5376K, reserved 1048576K

Card table byte_map: [0x00000000116f0000,0x0000000011a00000] byte_map_base: 0x00000000111f0000

Marking Bits: (ParMarkBitMap*) 0x0000000053f33950
 Begin Bits: [0x0000000012000000, 0x0000000013800000)
 End Bits:   [0x0000000013800000, 0x0000000015000000)

Polling page: 0x00000000020c0000

CodeCache: size=245760Kb used=12738Kb max_used=12738Kb free=233021Kb
 bounds [0x0000000002330000, 0x0000000002fb0000, 0x0000000011330000]
 total_blobs=4334 nmethods=3624 adapters=622
 compilation: enabled

Compilation events (10 events):
Event: 16.369 Thread 0x0000000015cd1000 nmethod 4008 0x0000000002fa4a10 code [0x0000000002fa4b60, 0x0000000002fa4c70]
Event: 16.369 Thread 0x0000000015cd1000 4009       3       java.util.Formatter::checkText (58 bytes)
Event: 16.370 Thread 0x0000000015cd1000 nmethod 4009 0x0000000002fa4cd0 code [0x0000000002fa4ec0, 0x0000000002fa5868]
Event: 16.370 Thread 0x0000000015cd1000 4011       3       com.google.common.collect.CollectPreconditions::checkNonnegative (37 bytes)
Event: 16.370 Thread 0x0000000015cd1000 nmethod 4011 0x0000000002fa5dd0 code [0x0000000002fa5fc0, 0x0000000002fa68e8]
Event: 16.370 Thread 0x0000000015cd1000 4012       3       com.google.common.collect.AbstractMapBasedMultimap$WrappedCollection::iterator (13 bytes)
Event: 16.371 Thread 0x0000000015cd1000 nmethod 4012 0x0000000002fa6d10 code [0x0000000002fa6e80, 0x0000000002fa7118]
Event: 16.371 Thread 0x0000000015cd1000 4013       3       com.google.common.collect.AbstractMapBasedMultimap$WrappedCollection$WrappedIterator::<init> (36 bytes)
Event: 16.371 Thread 0x0000000015cd1000 nmethod 4013 0x0000000002fa7210 code [0x0000000002fa73c0, 0x0000000002fa7a78]
Event: 16.371 Thread 0x0000000015cd1000 4014       3       com.google.common.collect.AbstractMapBasedMultimap::access$100 (6 bytes)

GC Heap History (10 events):
Event: 13.627 GC heap before
{Heap before GC invocations=8 (full 1):
 PSYoungGen      total 46592K, used 46042K [0x00000000e0000000, 0x00000000e3d00000, 0x0000000100000000)
  eden space 43008K, 100% used [0x00000000e0000000,0x00000000e2a00000,0x00000000e2a00000)
  from space 3584K, 84% used [0x00000000e3980000,0x00000000e3c76ac0,0x00000000e3d00000)
  to   space 9728K, 0% used [0x00000000e2a00000,0x00000000e2a00000,0x00000000e3380000)
 ParOldGen       total 45056K, used 8365K [0x00000000a0000000, 0x00000000a2c00000, 0x00000000e0000000)
  object space 45056K, 18% used [0x00000000a0000000,0x00000000a082b4d0,0x00000000a2c00000)
 Metaspace       used 26044K, capacity 26618K, committed 26880K, reserved 1073152K
  class space    used 3564K, capacity 3770K, committed 3840K, reserved 1048576K
Event: 13.635 GC heap after
Heap after GC invocations=8 (full 1):
 PSYoungGen      total 52736K, used 6591K [0x00000000e0000000, 0x00000000e5c00000, 0x0000000100000000)
  eden space 43008K, 0% used [0x00000000e0000000,0x00000000e0000000,0x00000000e2a00000)
  from space 9728K, 67% used [0x00000000e2a00000,0x00000000e306fce0,0x00000000e3380000)
  to   space 9728K, 0% used [0x00000000e5280000,0x00000000e5280000,0x00000000e5c00000)
 ParOldGen       total 45056K, used 8373K [0x00000000a0000000, 0x00000000a2c00000, 0x00000000e0000000)
  object space 45056K, 18% used [0x00000000a0000000,0x00000000a082d4d0,0x00000000a2c00000)
 Metaspace       used 26044K, capacity 26618K, committed 26880K, reserved 1073152K
  class space    used 3564K, capacity 3770K, committed 3840K, reserved 1048576K
}
Event: 14.338 GC heap before
{Heap before GC invocations=9 (full 1):
 PSYoungGen      total 52736K, used 49599K [0x00000000e0000000, 0x00000000e5c00000, 0x0000000100000000)
  eden space 43008K, 100% used [0x00000000e0000000,0x00000000e2a00000,0x00000000e2a00000)
  from space 9728K, 67% used [0x00000000e2a00000,0x00000000e306fce0,0x00000000e3380000)
  to   space 9728K, 0% used [0x00000000e5280000,0x00000000e5280000,0x00000000e5c00000)
 ParOldGen       total 45056K, used 8373K [0x00000000a0000000, 0x00000000a2c00000, 0x00000000e0000000)
  object space 45056K, 18% used [0x00000000a0000000,0x00000000a082d4d0,0x00000000a2c00000)
 Metaspace       used 29963K, capacity 30584K, committed 30720K, reserved 1075200K
  class space    used 4107K, capacity 4323K, committed 4352K, reserved 1048576K
Event: 14.345 GC heap after
Heap after GC invocations=9 (full 1):
 PSYoungGen      total 83968K, used 7443K [0x00000000e0000000, 0x00000000e5c80000, 0x0000000100000000)
  eden space 74240K, 0% used [0x00000000e0000000,0x00000000e0000000,0x00000000e4880000)
  from space 9728K, 76% used [0x00000000e5280000,0x00000000e59c4d80,0x00000000e5c00000)
  to   space 10240K, 0% used [0x00000000e4880000,0x00000000e4880000,0x00000000e5280000)
 ParOldGen       total 45056K, used 8445K [0x00000000a0000000, 0x00000000a2c00000, 0x00000000e0000000)
  object space 45056K, 18% used [0x00000000a0000000,0x00000000a083f4e0,0x00000000a2c00000)
 Metaspace       used 29963K, capacity 30584K, committed 30720K, reserved 1075200K
  class space    used 4107K, capacity 4323K, committed 4352K, reserved 1048576K
}
Event: 15.943 GC heap before
{Heap before GC invocations=10 (full 1):
 PSYoungGen      total 83968K, used 81683K [0x00000000e0000000, 0x00000000e5c80000, 0x0000000100000000)
  eden space 74240K, 100% used [0x00000000e0000000,0x00000000e4880000,0x00000000e4880000)
  from space 9728K, 76% used [0x00000000e5280000,0x00000000e59c4d80,0x00000000e5c00000)
  to   space 10240K, 0% used [0x00000000e4880000,0x00000000e4880000,0x00000000e5280000)
 ParOldGen       total 45056K, used 8445K [0x00000000a0000000, 0x00000000a2c00000, 0x00000000e0000000)
  object space 45056K, 18% used [0x00000000a0000000,0x00000000a083f4e0,0x00000000a2c00000)
 Metaspace       used 34185K, capacity 34968K, committed 35200K, reserved 1079296K
  class space    used 4643K, capacity 4918K, committed 4992K, reserved 1048576K
Event: 15.956 GC heap after
Heap after GC invocations=10 (full 1):
 PSYoungGen      total 84480K, used 7915K [0x00000000e0000000, 0x00000000e7b00000, 0x0000000100000000)
  eden space 74240K, 0% used [0x00000000e0000000,0x00000000e0000000,0x00000000e4880000)
  from space 10240K, 77% used [0x00000000e4880000,0x00000000e503ac10,0x00000000e5280000)
  to   space 10240K, 0% used [0x00000000e7100000,0x00000000e7100000,0x00000000e7b00000)
 ParOldGen       total 45056K, used 10317K [0x00000000a0000000, 0x00000000a2c00000, 0x00000000e0000000)
  object space 45056K, 22% used [0x00000000a0000000,0x00000000a0a13550,0x00000000a2c00000)
 Metaspace       used 34185K, capacity 34968K, committed 35200K, reserved 1079296K
  class space    used 4643K, capacity 4918K, committed 4992K, reserved 1048576K
}
Event: 15.965 GC heap before
{Heap before GC invocations=11 (full 1):
 PSYoungGen      total 84480K, used 9330K [0x00000000e0000000, 0x00000000e7b00000, 0x0000000100000000)
  eden space 74240K, 1% used [0x00000000e0000000,0x00000000e0161c88,0x00000000e4880000)
  from space 10240K, 77% used [0x00000000e4880000,0x00000000e503ac10,0x00000000e5280000)
  to   space 10240K, 0% used [0x00000000e7100000,0x00000000e7100000,0x00000000e7b00000)
 ParOldGen       total 45056K, used 10317K [0x00000000a0000000, 0x00000000a2c00000, 0x00000000e0000000)
  object space 45056K, 22% used [0x00000000a0000000,0x00000000a0a13550,0x00000000a2c00000)
 Metaspace       used 34361K, capacity 35206K, committed 35416K, reserved 1079296K
  class space    used 4666K, capacity 4957K, committed 4992K, reserved 1048576K
Event: 15.971 GC heap after
Heap after GC invocations=11 (full 1):
 PSYoungGen      total 115200K, used 2592K [0x00000000e0000000, 0x00000000e8700000, 0x0000000100000000)
  eden space 104960K, 0% used [0x00000000e0000000,0x00000000e0000000,0x00000000e6680000)
  from space 10240K, 25% used [0x00000000e7100000,0x00000000e7388000,0x00000000e7b00000)
  to   space 10752K, 0% used [0x00000000e6680000,0x00000000e6680000,0x00000000e7100000)
 ParOldGen       total 45056K, used 13273K [0x00000000a0000000, 0x00000000a2c00000, 0x00000000e0000000)
  object space 45056K, 29% used [0x00000000a0000000,0x00000000a0cf6700,0x00000000a2c00000)
 Metaspace       used 34361K, capacity 35206K, committed 35416K, reserved 1079296K
  class space    used 4666K, capacity 4957K, committed 4992K, reserved 1048576K
}
Event: 15.971 GC heap before
{Heap before GC invocations=12 (full 2):
 PSYoungGen      total 115200K, used 2592K [0x00000000e0000000, 0x00000000e8700000, 0x0000000100000000)
  eden space 104960K, 0% used [0x00000000e0000000,0x00000000e0000000,0x00000000e6680000)
  from space 10240K, 25% used [0x00000000e7100000,0x00000000e7388000,0x00000000e7b00000)
  to   space 10752K, 0% used [0x00000000e6680000,0x00000000e6680000,0x00000000e7100000)
 ParOldGen       total 45056K, used 13273K [0x00000000a0000000, 0x00000000a2c00000, 0x00000000e0000000)
  object space 45056K, 29% used [0x00000000a0000000,0x00000000a0cf6700,0x00000000a2c00000)
 Metaspace       used 34361K, capacity 35206K, committed 35416K, reserved 1079296K
  class space    used 4666K, capacity 4957K, committed 4992K, reserved 1048576K
Event: 16.038 GC heap after
Heap after GC invocations=12 (full 2):
 PSYoungGen      total 115200K, used 0K [0x00000000e0000000, 0x00000000e8700000, 0x0000000100000000)
  eden space 104960K, 0% used [0x00000000e0000000,0x00000000e0000000,0x00000000e6680000)
  from space 10240K, 0% used [0x00000000e7100000,0x00000000e7100000,0x00000000e7b00000)
  to   space 10752K, 0% used [0x00000000e6680000,0x00000000e6680000,0x00000000e7100000)
 ParOldGen       total 53248K, used 13427K [0x00000000a0000000, 0x00000000a3400000, 0x00000000e0000000)
  object space 53248K, 25% used [0x00000000a0000000,0x00000000a0d1ce98,0x00000000a3400000)
 Metaspace       used 34361K, capacity 35206K, committed 35416K, reserved 1079296K
  class space    used 4666K, capacity 4957K, committed 4992K, reserved 1048576K
}

Deoptimization events (10 events):
Event: 15.795 Thread 0x00000000189ee800 Uncommon trap: reason=class_check action=maybe_recompile pc=0x0000000002778c3c method=java.util.Hashtable.get(Ljava/lang/Object;)Ljava/lang/Object; @ 6
Event: 15.795 Thread 0x00000000189ee800 Uncommon trap: reason=class_check action=maybe_recompile pc=0x0000000002778c3c method=java.util.Hashtable.get(Ljava/lang/Object;)Ljava/lang/Object; @ 6
Event: 15.795 Thread 0x00000000189ee800 Uncommon trap: reason=class_check action=maybe_recompile pc=0x0000000002778c3c method=java.util.Hashtable.get(Ljava/lang/Object;)Ljava/lang/Object; @ 6
Event: 15.817 Thread 0x00000000189ee800 Uncommon trap: reason=unstable_if action=reinterpret pc=0x00000000024e0db8 method=java.lang.String.replace(CC)Ljava/lang/String; @ 2
Event: 15.822 Thread 0x00000000189ee800 Uncommon trap: reason=bimorphic action=maybe_recompile pc=0x0000000002b00524 method=org.codehaus.groovy.runtime.metaclass.MetaMethodIndex.addMethodToList(Ljava/lang/Object;Lgroovy/lang/MetaMethod;)Ljava/lang/Object; @ 96
Event: 15.822 Thread 0x00000000189ee800 Uncommon trap: reason=unstable_if action=reinterpret pc=0x0000000002c5b42c method=groovy.lang.MetaClassImpl$1MOPIter.methodNameAction(Ljava/lang/Class;Lorg/codehaus/groovy/runtime/metaclass/MetaMethodIndex$Entry;)V @ 259
Event: 15.900 Thread 0x00000000189ee800 Uncommon trap: reason=unstable_if action=reinterpret pc=0x0000000002bbca90 method=java.lang.Integer.valueOf(I)Ljava/lang/Integer; @ 3
Event: 15.902 Thread 0x00000000189ee800 Uncommon trap: reason=predicate action=maybe_recompile pc=0x000000000247dda8 method=java.util.Arrays.binarySearch0([Ljava/lang/Object;IILjava/lang/Object;Ljava/util/Comparator;)I @ 28
Event: 16.208 Thread 0x00000000189ee800 Uncommon trap: reason=unstable_if action=reinterpret pc=0x0000000002af6950 method=java.util.concurrent.ConcurrentHashMap.get(Ljava/lang/Object;)Ljava/lang/Object; @ 152
Event: 16.368 Thread 0x00000000189ee800 Uncommon trap: reason=unstable_if action=reinterpret pc=0x0000000002d276d8 method=java.util.HashMap.removeNode(ILjava/lang/Object;Ljava/lang/Object;ZZ)Ljava/util/HashMap$Node; @ 58

Classes redefined (0 events):
No events

Internal exceptions (10 events):
Event: 15.825 Thread 0x00000000189ee800 Exception <a 'java/lang/ClassNotFoundException': org/gradle/api/internal/project/DefaultAntBuilderBeanInfo> (0x00000000e43419e0) thrown at [D:\src\AOSP-openjdk-cygwin\jdk8u\hotspot\src\share\vm\classfile\systemDictionary.cpp, line 210]
Event: 15.826 Thread 0x00000000189ee800 Exception <a 'java/lang/ClassNotFoundException': org/gradle/api/internal/project/ant/BasicAntBuilderBeanInfo> (0x00000000e436f888) thrown at [D:\src\AOSP-openjdk-cygwin\jdk8u\hotspot\src\share\vm\classfile\systemDictionary.cpp, line 210]
Event: 15.827 Thread 0x00000000189ee800 Exception <a 'java/lang/ClassNotFoundException': org/gradle/api/AntBuilderBeanInfo> (0x00000000e438fe00) thrown at [D:\src\AOSP-openjdk-cygwin\jdk8u\hotspot\src\share\vm\classfile\systemDictionary.cpp, line 210]
Event: 15.828 Thread 0x00000000189ee800 Exception <a 'java/lang/ClassNotFoundException': groovy/util/AntBuilderBeanInfo> (0x00000000e43aee58) thrown at [D:\src\AOSP-openjdk-cygwin\jdk8u\hotspot\src\share\vm\classfile\systemDictionary.cpp, line 210]
Event: 15.829 Thread 0x00000000189ee800 Exception <a 'java/lang/ClassNotFoundException': groovy/util/BuilderSupportBeanInfo> (0x00000000e43cf3a8) thrown at [D:\src\AOSP-openjdk-cygwin\jdk8u\hotspot\src\share\vm\classfile\systemDictionary.cpp, line 210]
Event: 15.830 Thread 0x00000000189ee800 Exception <a 'java/lang/ClassNotFoundException': groovy/util/BuilderSupportCustomizer> (0x00000000e43f1788) thrown at [D:\src\AOSP-openjdk-cygwin\jdk8u\hotspot\src\share\vm\classfile\systemDictionary.cpp, line 210]
Event: 15.831 Thread 0x00000000189ee800 Exception <a 'java/lang/ClassNotFoundException': groovy/util/AntBuilderCustomizer> (0x00000000e4414960) thrown at [D:\src\AOSP-openjdk-cygwin\jdk8u\hotspot\src\share\vm\classfile\systemDictionary.cpp, line 210]
Event: 15.833 Thread 0x00000000189ee800 Exception <a 'java/lang/ClassNotFoundException': org/gradle/api/AntBuilderCustomizer> (0x00000000e443cda0) thrown at [D:\src\AOSP-openjdk-cygwin\jdk8u\hotspot\src\share\vm\classfile\systemDictionary.cpp, line 210]
Event: 15.834 Thread 0x00000000189ee800 Exception <a 'java/lang/ClassNotFoundException': org/gradle/api/internal/project/ant/BasicAntBuilderCustomizer> (0x00000000e44790d8) thrown at [D:\src\AOSP-openjdk-cygwin\jdk8u\hotspot\src\share\vm\classfile\systemDictionary.cpp, line 210]
Event: 15.836 Thread 0x00000000189ee800 Exception <a 'java/lang/ClassNotFoundException': org/gradle/api/internal/project/DefaultAntBuilderCustomizer> (0x00000000e44bc1c0) thrown at [D:\src\AOSP-openjdk-cygwin\jdk8u\hotspot\src\share\vm\classfile\systemDictionary.cpp, line 210]

Events (10 events):
Event: 16.341 loading class org/gradle/model/internal/manage/schema/cache/MultiWeakClassSet$1 done
Event: 16.341 loading class org/gradle/model/internal/manage/schema/cache/MultiWeakClassSet$2
Event: 16.341 loading class org/gradle/model/internal/manage/schema/cache/MultiWeakClassSet$2 done
Event: 16.356 loading class org/gradle/model/internal/type/GenericArrayTypeWrapper
Event: 16.356 loading class org/gradle/model/internal/type/GenericArrayTypeWrapper done
Event: 16.358 loading class org/gradle/model/internal/manage/schema/extract/ModelMapStrategy$2
Event: 16.358 loading class org/gradle/model/internal/manage/schema/extract/ModelMapStrategy$2 done
Event: 16.368 Thread 0x00000000189ee800 Uncommon trap: trap_request=0xffffff65 fr.pc=0x0000000002d276d8
Event: 16.368 Thread 0x00000000189ee800 DEOPT PACKING pc=0x0000000002d276d8 sp=0x000000001b1ca3b0
Event: 16.368 Thread 0x00000000189ee800 DEOPT UNPACKING pc=0x000000000237556a sp=0x000000001b1ca2a8 mode 2


Dynamic libraries:
0x00007ff604360000 - 0x00007ff604391000 	C:\Program Files\Android\Android Studio\jre\bin\java.exe
0x00007ffa26ca0000 - 0x00007ffa26e4d000 	C:\Windows\SYSTEM32\ntdll.dll
0x00007ffa24f50000 - 0x00007ffa2508a000 	C:\Windows\system32\KERNEL32.DLL
0x00007ffa19820000 - 0x00007ffa19854000 	C:\Program Files\AVAST Software\Avast\x64\aswhooka.dll
0x00007ffa24290000 - 0x00007ffa243a5000 	C:\Windows\system32\KERNELBASE.dll
0x00007ffa26bf0000 - 0x00007ffa26c95000 	C:\Windows\system32\ADVAPI32.dll
0x00007ffa24830000 - 0x00007ffa249a1000 	C:\Windows\system32\USER32.dll
0x00007ffa205f0000 - 0x00007ffa2086b000 	C:\Windows\WinSxS\amd64_microsoft.windows.common-controls_6595b64144ccf1df_6.0.9600.18006_none_623f33d3ecbe86e8\COMCTL32.dll
0x00007ffa24ca0000 - 0x00007ffa24d47000 	C:\Windows\system32\msvcrt.dll
0x00007ffa25090000 - 0x00007ffa250e9000 	C:\Windows\SYSTEM32\sechost.dll
0x00007ffa254c0000 - 0x00007ffa255f6000 	C:\Windows\system32\RPCRT4.dll
0x00007ffa24b40000 - 0x00007ffa24c85000 	C:\Windows\system32\GDI32.dll
0x00007ffa25340000 - 0x00007ffa25374000 	C:\Windows\system32\IMM32.DLL
0x00007ffa25380000 - 0x00007ffa254b9000 	C:\Windows\system32\MSCTF.dll
0x0000000055970000 - 0x0000000055a42000 	C:\Program Files\Android\Android Studio\jre\jre\bin\msvcr100.dll
0x0000000053770000 - 0x0000000053fae000 	C:\Program Files\Android\Android Studio\jre\jre\bin\server\jvm.dll
0x00007ffa1ba60000 - 0x00007ffa1ba69000 	C:\Windows\SYSTEM32\WSOCK32.dll
0x00007ffa21de0000 - 0x00007ffa21dff000 	C:\Windows\SYSTEM32\WINMM.dll
0x00007ffa21c70000 - 0x00007ffa21c7a000 	C:\Windows\SYSTEM32\VERSION.dll
0x00007ffa24ad0000 - 0x00007ffa24ad7000 	C:\Windows\system32\PSAPI.DLL
0x00007ffa24ae0000 - 0x00007ffa24b3a000 	C:\Windows\system32\WS2_32.dll
0x00007ffa21ad0000 - 0x00007ffa21afa000 	C:\Windows\SYSTEM32\WINMMBASE.dll
0x00007ffa24c90000 - 0x00007ffa24c99000 	C:\Windows\system32\NSI.dll
0x00007ffa24240000 - 0x00007ffa2428a000 	C:\Windows\SYSTEM32\cfgmgr32.dll
0x00007ffa22cd0000 - 0x00007ffa22cf6000 	C:\Windows\SYSTEM32\DEVOBJ.dll
0x00007ffa19220000 - 0x00007ffa1922f000 	C:\Program Files\Android\Android Studio\jre\jre\bin\verify.dll
0x00007ffa18e30000 - 0x00007ffa18e59000 	C:\Program Files\Android\Android Studio\jre\jre\bin\java.dll
0x00007ffa18eb0000 - 0x00007ffa18ec6000 	C:\Program Files\Android\Android Studio\jre\jre\bin\zip.dll
0x00007ffa25600000 - 0x00007ffa26b2a000 	C:\Windows\system32\SHELL32.dll
0x00007ffa245f0000 - 0x00007ffa24801000 	C:\Windows\SYSTEM32\combase.dll
0x00007ffa24590000 - 0x00007ffa245e1000 	C:\Windows\system32\SHLWAPI.dll
0x00007ffa22490000 - 0x00007ffa2252f000 	C:\Windows\SYSTEM32\SHCORE.dll
0x00007ffa23e90000 - 0x00007ffa23ea4000 	C:\Windows\SYSTEM32\profapi.dll
0x00007ffa18e10000 - 0x00007ffa18e2a000 	C:\Program Files\Android\Android Studio\jre\jre\bin\net.dll
0x00007ffa23720000 - 0x00007ffa23779000 	C:\Windows\system32\mswsock.dll
0x00007ffa17b60000 - 0x00007ffa17b71000 	C:\Program Files\Android\Android Studio\jre\jre\bin\nio.dll
0x00007ffa17a60000 - 0x00007ffa17a7e000 	C:\Users\tog\.gradle\native\25\windows-amd64\native-platform.dll
0x00007ffa18ad0000 - 0x00007ffa18add000 	C:\Program Files\Android\Android Studio\jre\jre\bin\management.dll
0x00007ffa23780000 - 0x00007ffa2379e000 	C:\Windows\SYSTEM32\CRYPTSP.dll
0x00007ffa233c0000 - 0x00007ffa233f6000 	C:\Windows\system32\rsaenh.dll
0x00007ffa239c0000 - 0x00007ffa239e6000 	C:\Windows\SYSTEM32\bcrypt.dll
0x00007ffa234d0000 - 0x00007ffa234ef000 	C:\Windows\SYSTEM32\USERENV.dll
0x00007ffa23cf0000 - 0x00007ffa23d53000 	C:\Windows\system32\bcryptprimitives.dll
0x00007ffa23d60000 - 0x00007ffa23d6a000 	C:\Windows\SYSTEM32\CRYPTBASE.dll
0x00007ffa205b0000 - 0x00007ffa205da000 	C:\Windows\SYSTEM32\IPHLPAPI.DLL
0x00007ffa205a0000 - 0x00007ffa205aa000 	C:\Windows\SYSTEM32\WINNSI.DLL
0x00007ffa1d540000 - 0x00007ffa1d554000 	C:\Windows\SYSTEM32\dhcpcsvc6.DLL
0x00007ffa1d520000 - 0x00007ffa1d539000 	C:\Windows\SYSTEM32\dhcpcsvc.DLL

VM Arguments:
jvm_args: -Xmx1536m -Dfile.encoding=windows-1252 -Duser.country=FR -Duser.language=fr -Duser.variant 
java_command: org.gradle.launcher.daemon.bootstrap.GradleDaemon 4.1
java_class_path (initial): C:\Program Files\Android\Android Studio\gradle\gradle-4.1\lib\gradle-launcher-4.1.jar
Launcher Type: SUN_STANDARD

Environment Variables:
JAVA_HOME=C:\Program Files\Java\jdk1.8.0_144\bin
PATH=C:\Program Files (x86)\Common Files\Intel\Shared Libraries\redist\intel64\compiler;C:\ProgramData\Oracle\Java\javapath;C:\Windows\system32;C:\Windows;C:\Windows\System32\Wbem;C:\Windows\System32\WindowsPowerShell\v1.0\;C:\xampp\php;C:\Program Files\nodejs\;C:\Program Files\Git\cmd;C:\Program Files\Git\mingw64\bin;C:\Program Files\Git\usr\bin;C:\xampp\htdocs\Symfony\bin;%MINGW_HOME%\bin;C:\Program Files\Microsoft SQL Server\110\Tools\Binn\;C:\Program Files\MySQL\MySQL Utilities 1.6\;C:\composer;C:\Program Files\Java\jdk1.8.0_144\bin;C:\Program Files\dotnet\;C:\Program Files\Microsoft SQL Server\130\Tools\Binn\;C:\Users\tog\AppData\Roaming\npm;C:\MinGW\bin;C:\Users\tog\AppData\Roaming\Composer\vendor\bin;C:\Program Files\Microsoft VS Code\bin
USERNAME=tog
OS=Windows_NT
PROCESSOR_IDENTIFIER=Intel64 Family 6 Model 58 Stepping 9, GenuineIntel



---------------  S Y S T E M  ---------------

OS: Windows 8.1 , 64 bit Build 9600 (6.3.9600.17031)

CPU:total 4 (initial active 4) (2 cores per cpu, 2 threads per core) family 6 model 58 stepping 9, cmov, cx8, fxsr, mmx, sse, sse2, sse3, ssse3, sse4.1, sse4.2, popcnt, avx, clmul, erms, ht, tsc, tscinvbit, tscinv

Memory: 4k page, physical 6274292k(1778504k free), swap 8371444k(5408k free)

vm_info: OpenJDK 64-Bit Server VM (25.152-b01) for windows-amd64 JRE (1.8.0_152-release-915-b01), built by "builder" with MS VC++ 10.0 (VS2010)

time: Wed Jul 04 18:00:35 2018
elapsed time: 16 seconds (0d 0h 0m 16s)

