#
# There is insufficient memory for the Java Runtime Environment to continue.
# Native memory allocation (malloc) failed to allocate 1010096 bytes for Chunk::new
# Possible reasons:
#   The system is out of physical RAM or swap space
#   In 32 bit mode, the process size limit was hit
# Possible solutions:
#   Reduce memory load on the system
#   Increase physical memory or swap space
#   Check if swap backing store is full
#   Use 64 bit Java on a 64 bit OS
#   Decrease Java heap size (-Xmx/-Xms)
#   Decrease number of Java threads
#   Decrease Java thread stack sizes (-Xss)
#   Set larger code cache with -XX:ReservedCodeCacheSize=
# This output file may be truncated or incomplete.
#
#  Out of Memory Error (allocation.cpp:390), pid=6956, tid=0x0000000000001cec
#
# JRE version: OpenJDK Runtime Environment (8.0_152-b01) (build 1.8.0_152-release-915-b01)
# Java VM: OpenJDK 64-Bit Server VM (25.152-b01 mixed mode windows-amd64 compressed oops)
# Failed to write core dump. Minidumps are not enabled by default on client versions of Windows
#

---------------  T H R E A D  ---------------

Current thread (0x00000000147bc000):  JavaThread "C2 CompilerThread1" daemon [_thread_in_native, id=7404, stack(0x0000000015f20000,0x0000000016020000)]

Stack: [0x0000000015f20000,0x0000000016020000]
[error occurred during error reporting (printing stack bounds), id 0xc0000005]

Native frames: (J=compiled Java code, j=interpreted, Vv=VM code, C=native code)


Current CompileTask:
C2:   3221 1978       4       com.android.dx.ssa.SCCP::simulateBlock (54 bytes)


---------------  P R O C E S S  ---------------

Java Threads: ( => current thread )
  0x0000000016299000 JavaThread "pool-2-thread-4" [_thread_in_Java, id=7364, stack(0x0000000016b20000,0x0000000016c20000)]
  0x000000001628f800 JavaThread "pool-2-thread-3" [_thread_in_Java, id=7480, stack(0x0000000016a20000,0x0000000016b20000)]
  0x000000001628f000 JavaThread "pool-2-thread-2" [_thread_blocked, id=6732, stack(0x0000000016920000,0x0000000016a20000)]
  0x0000000016286800 JavaThread "pool-3-thread-1" [_thread_blocked, id=3740, stack(0x0000000016820000,0x0000000016920000)]
  0x0000000016270800 JavaThread "pool-2-thread-1" [_thread_in_Java, id=8972, stack(0x0000000016720000,0x0000000016820000)]
  0x000000001481c000 JavaThread "Service Thread" daemon [_thread_blocked, id=8472, stack(0x0000000016520000,0x0000000016620000)]
  0x00000000147c2800 JavaThread "C1 CompilerThread2" daemon [_thread_blocked, id=8332, stack(0x0000000016020000,0x0000000016120000)]
=>0x00000000147bc000 JavaThread "C2 CompilerThread1" daemon [_thread_in_native, id=7404, stack(0x0000000015f20000,0x0000000016020000)]
  0x00000000147b9000 JavaThread "C2 CompilerThread0" daemon [_thread_in_native, id=6900, stack(0x0000000015e20000,0x0000000015f20000)]
  0x00000000147c7000 JavaThread "Attach Listener" daemon [_thread_blocked, id=8052, stack(0x0000000015d20000,0x0000000015e20000)]
  0x00000000147c5800 JavaThread "Signal Dispatcher" daemon [_thread_blocked, id=7676, stack(0x0000000015c20000,0x0000000015d20000)]
  0x00000000147a8800 JavaThread "Finalizer" daemon [_thread_blocked, id=5428, stack(0x0000000015a20000,0x0000000015b20000)]
  0x00000000020e1800 JavaThread "Reference Handler" daemon [_thread_blocked, id=9172, stack(0x0000000015920000,0x0000000015a20000)]
  0x00000000006be000 JavaThread "main" [_thread_blocked, id=4428, stack(0x0000000001ef0000,0x0000000001ff0000)]

Other Threads:
  0x0000000014784800 VMThread [stack: 0x0000000015820000,0x0000000015920000] [id=7932]
  0x0000000016148800 WatcherThread [stack: 0x0000000016620000,0x0000000016720000] [id=9084]

VM state:not at safepoint (normal execution)

VM Mutex/Monitor currently owned by a thread: None

Heap:
 PSYoungGen      total 111616K, used 43915K [0x00000000eab00000, 0x00000000f9200000, 0x0000000100000000)
  eden space 97792K, 30% used [0x00000000eab00000,0x00000000ec863848,0x00000000f0a80000)
  from space 13824K, 99% used [0x00000000f0a80000,0x00000000f17ff588,0x00000000f1800000)
  to   space 20480K, 0% used [0x00000000f7e00000,0x00000000f7e00000,0x00000000f9200000)
 ParOldGen       total 65536K, used 39756K [0x00000000c0000000, 0x00000000c4000000, 0x00000000eab00000)
  object space 65536K, 60% used [0x00000000c0000000,0x00000000c26d3040,0x00000000c4000000)
 Metaspace       used 6497K, capacity 7282K, committed 7552K, reserved 1056768K
  class space    used 602K, capacity 618K, committed 640K, reserved 1048576K

Card table byte_map: [0x00000000114b0000,0x00000000116c0000] byte_map_base: 0x0000000010eb0000

Marking Bits: (ParMarkBitMap*) 0x0000000054723950
 Begin Bits: [0x0000000011c20000, 0x0000000012c20000)
 End Bits:   [0x0000000012c20000, 0x0000000013c20000)

Polling page: 0x0000000000690000

CodeCache: size=245760Kb used=8333Kb max_used=8377Kb free=237426Kb
 bounds [0x00000000020f0000, 0x0000000002930000, 0x00000000110f0000]
 total_blobs=2261 nmethods=1994 adapters=180
 compilation: enabled

Compilation events (10 events):
Event: 3.108 Thread 0x00000000147c2800 2045       2       java.io.FileInputStream::finalize (22 bytes)
Event: 3.108 Thread 0x00000000147c2800 nmethod 2045 0x00000000028f5790 code [0x00000000028f5900, 0x00000000028f5a88]
Event: 3.108 Thread 0x00000000147b9000 nmethod 1901 0x000000000290c8d0 code [0x000000000290e200, 0x0000000002918830]
Event: 3.109 Thread 0x00000000147b9000 1828       4       com.android.dx.ssa.SCCP::simulatePhi (169 bytes)
Event: 3.120 Thread 0x00000000147c2800 2048       2       com.android.dx.util.ByteArray::getByte (14 bytes)
Event: 3.120 Thread 0x00000000147c2800 nmethod 2048 0x00000000028f5310 code [0x00000000028f5480, 0x00000000028f5648]
Event: 3.122 Thread 0x00000000147c2800 2049       2       com.android.dx.rop.code.Rops::opAget (97 bytes)
Event: 3.123 Thread 0x00000000147c2800 nmethod 2049 0x000000000290be90 code [0x000000000290c060, 0x000000000290c5d8]
Event: 3.143 Thread 0x00000000147c2800 2051       2       com.android.dx.util.ByteArray::getShort (25 bytes)
Event: 3.143 Thread 0x00000000147c2800 nmethod 2051 0x000000000290b9d0 code [0x000000000290bb40, 0x000000000290bd28]

GC Heap History (10 events):
Event: 1.733 GC heap before
{Heap before GC invocations=3 (full 0):
 PSYoungGen      total 28672K, used 28641K [0x00000000eab00000, 0x00000000ee300000, 0x0000000100000000)
  eden space 24576K, 100% used [0x00000000eab00000,0x00000000ec300000,0x00000000ec300000)
  from space 4096K, 99% used [0x00000000ec700000,0x00000000ecaf8458,0x00000000ecb00000)
  to   space 4096K, 0% used [0x00000000ec300000,0x00000000ec300000,0x00000000ec700000)
 ParOldGen       total 65536K, used 10091K [0x00000000c0000000, 0x00000000c4000000, 0x00000000eab00000)
  object space 65536K, 15% used [0x00000000c0000000,0x00000000c09daf98,0x00000000c4000000)
 Metaspace       used 6293K, capacity 7216K, committed 7296K, reserved 1056768K
  class space    used 583K, capacity 616K, committed 640K, reserved 1048576K
Event: 1.748 GC heap after
Heap after GC invocations=3 (full 0):
 PSYoungGen      total 28672K, used 4091K [0x00000000eab00000, 0x00000000ee300000, 0x0000000100000000)
  eden space 24576K, 0% used [0x00000000eab00000,0x00000000eab00000,0x00000000ec300000)
  from space 4096K, 99% used [0x00000000ec300000,0x00000000ec6fef08,0x00000000ec700000)
  to   space 4096K, 0% used [0x00000000edf00000,0x00000000edf00000,0x00000000ee300000)
 ParOldGen       total 65536K, used 14933K [0x00000000c0000000, 0x00000000c4000000, 0x00000000eab00000)
  object space 65536K, 22% used [0x00000000c0000000,0x00000000c0e956a8,0x00000000c4000000)
 Metaspace       used 6293K, capacity 7216K, committed 7296K, reserved 1056768K
  class space    used 583K, capacity 616K, committed 640K, reserved 1048576K
}
Event: 1.907 GC heap before
{Heap before GC invocations=4 (full 0):
 PSYoungGen      total 28672K, used 28667K [0x00000000eab00000, 0x00000000ee300000, 0x0000000100000000)
  eden space 24576K, 100% used [0x00000000eab00000,0x00000000ec300000,0x00000000ec300000)
  from space 4096K, 99% used [0x00000000ec300000,0x00000000ec6fef08,0x00000000ec700000)
  to   space 4096K, 0% used [0x00000000edf00000,0x00000000edf00000,0x00000000ee300000)
 ParOldGen       total 65536K, used 14933K [0x00000000c0000000, 0x00000000c4000000, 0x00000000eab00000)
  object space 65536K, 22% used [0x00000000c0000000,0x00000000c0e956a8,0x00000000c4000000)
 Metaspace       used 6337K, capacity 7280K, committed 7552K, reserved 1056768K
  class space    used 583K, capacity 616K, committed 640K, reserved 1048576K
Event: 1.927 GC heap after
Heap after GC invocations=4 (full 0):
 PSYoungGen      total 53248K, used 4087K [0x00000000eab00000, 0x00000000ee300000, 0x0000000100000000)
  eden space 49152K, 0% used [0x00000000eab00000,0x00000000eab00000,0x00000000edb00000)
  from space 4096K, 99% used [0x00000000edf00000,0x00000000ee2fdd00,0x00000000ee300000)
  to   space 4096K, 0% used [0x00000000edb00000,0x00000000edb00000,0x00000000edf00000)
 ParOldGen       total 65536K, used 20020K [0x00000000c0000000, 0x00000000c4000000, 0x00000000eab00000)
  object space 65536K, 30% used [0x00000000c0000000,0x00000000c138d158,0x00000000c4000000)
 Metaspace       used 6337K, capacity 7280K, committed 7552K, reserved 1056768K
  class space    used 583K, capacity 616K, committed 640K, reserved 1048576K
}
Event: 2.166 GC heap before
{Heap before GC invocations=5 (full 0):
 PSYoungGen      total 53248K, used 53239K [0x00000000eab00000, 0x00000000ee300000, 0x0000000100000000)
  eden space 49152K, 100% used [0x00000000eab00000,0x00000000edb00000,0x00000000edb00000)
  from space 4096K, 99% used [0x00000000edf00000,0x00000000ee2fdd00,0x00000000ee300000)
  to   space 4096K, 0% used [0x00000000edb00000,0x00000000edb00000,0x00000000edf00000)
 ParOldGen       total 65536K, used 20020K [0x00000000c0000000, 0x00000000c4000000, 0x00000000eab00000)
  object space 65536K, 30% used [0x00000000c0000000,0x00000000c138d158,0x00000000c4000000)
 Metaspace       used 6355K, capacity 7280K, committed 7552K, reserved 1056768K
  class space    used 583K, capacity 616K, committed 640K, reserved 1048576K
Event: 2.194 GC heap after
Heap after GC invocations=5 (full 0):
 PSYoungGen      total 53248K, used 4068K [0x00000000eab00000, 0x00000000f2500000, 0x0000000100000000)
  eden space 49152K, 0% used [0x00000000eab00000,0x00000000eab00000,0x00000000edb00000)
  from space 4096K, 99% used [0x00000000edb00000,0x00000000edef93e0,0x00000000edf00000)
  to   space 13312K, 0% used [0x00000000f1800000,0x00000000f1800000,0x00000000f2500000)
 ParOldGen       total 65536K, used 29056K [0x00000000c0000000, 0x00000000c4000000, 0x00000000eab00000)
  object space 65536K, 44% used [0x00000000c0000000,0x00000000c1c60320,0x00000000c4000000)
 Metaspace       used 6355K, capacity 7280K, committed 7552K, reserved 1056768K
  class space    used 583K, capacity 616K, committed 640K, reserved 1048576K
}
Event: 2.469 GC heap before
{Heap before GC invocations=6 (full 0):
 PSYoungGen      total 53248K, used 53220K [0x00000000eab00000, 0x00000000f2500000, 0x0000000100000000)
  eden space 49152K, 100% used [0x00000000eab00000,0x00000000edb00000,0x00000000edb00000)
  from space 4096K, 99% used [0x00000000edb00000,0x00000000edef93e0,0x00000000edf00000)
  to   space 13312K, 0% used [0x00000000f1800000,0x00000000f1800000,0x00000000f2500000)
 ParOldGen       total 65536K, used 29056K [0x00000000c0000000, 0x00000000c4000000, 0x00000000eab00000)
  object space 65536K, 44% used [0x00000000c0000000,0x00000000c1c60320,0x00000000c4000000)
 Metaspace       used 6477K, capacity 7282K, committed 7552K, reserved 1056768K
  class space    used 602K, capacity 618K, committed 640K, reserved 1048576K
Event: 2.498 GC heap after
Heap after GC invocations=6 (full 0):
 PSYoungGen      total 111104K, used 11358K [0x00000000eab00000, 0x00000000f2600000, 0x0000000100000000)
  eden space 97792K, 0% used [0x00000000eab00000,0x00000000eab00000,0x00000000f0a80000)
  from space 13312K, 85% used [0x00000000f1800000,0x00000000f2317b98,0x00000000f2500000)
  to   space 13824K, 0% used [0x00000000f0a80000,0x00000000f0a80000,0x00000000f1800000)
 ParOldGen       total 65536K, used 29056K [0x00000000c0000000, 0x00000000c4000000, 0x00000000eab00000)
  object space 65536K, 44% used [0x00000000c0000000,0x00000000c1c60320,0x00000000c4000000)
 Metaspace       used 6477K, capacity 7282K, committed 7552K, reserved 1056768K
  class space    used 602K, capacity 618K, committed 640K, reserved 1048576K
}
Event: 3.058 GC heap before
{Heap before GC invocations=7 (full 0):
 PSYoungGen      total 111104K, used 109150K [0x00000000eab00000, 0x00000000f2600000, 0x0000000100000000)
  eden space 97792K, 100% used [0x00000000eab00000,0x00000000f0a80000,0x00000000f0a80000)
  from space 13312K, 85% used [0x00000000f1800000,0x00000000f2317b98,0x00000000f2500000)
  to   space 13824K, 0% used [0x00000000f0a80000,0x00000000f0a80000,0x00000000f1800000)
 ParOldGen       total 65536K, used 29056K [0x00000000c0000000, 0x00000000c4000000, 0x00000000eab00000)
  object space 65536K, 44% used [0x00000000c0000000,0x00000000c1c60320,0x00000000c4000000)
 Metaspace       used 6497K, capacity 7282K, committed 7552K, reserved 1056768K
  class space    used 602K, capacity 618K, committed 640K, reserved 1048576K
Event: 3.107 GC heap after
Heap after GC invocations=7 (full 0):
 PSYoungGen      total 111616K, used 13821K [0x00000000eab00000, 0x00000000f9200000, 0x0000000100000000)
  eden space 97792K, 0% used [0x00000000eab00000,0x00000000eab00000,0x00000000f0a80000)
  from space 13824K, 99% used [0x00000000f0a80000,0x00000000f17ff588,0x00000000f1800000)
  to   space 20480K, 0% used [0x00000000f7e00000,0x00000000f7e00000,0x00000000f9200000)
 ParOldGen       total 65536K, used 39756K [0x00000000c0000000, 0x00000000c4000000, 0x00000000eab00000)
  object space 65536K, 60% used [0x00000000c0000000,0x00000000c26d3040,0x00000000c4000000)
 Metaspace       used 6497K, capacity 7282K, committed 7552K, reserved 1056768K
  class space    used 602K, capacity 618K, committed 640K, reserved 1048576K
}

Deoptimization events (10 events):
Event: 2.517 Thread 0x00000000006be000 Uncommon trap: reason=class_check action=maybe_recompile pc=0x000000000271d998 method=com.android.dx.cf.attrib.AttConstantValue.<init>(Lcom/android/dx/rop/cst/TypedConstant;)V @ 14
Event: 2.517 Thread 0x00000000006be000 Uncommon trap: reason=class_check action=maybe_recompile pc=0x00000000025fba2c method=com.android.dx.cf.attrib.AttConstantValue.<init>(Lcom/android/dx/rop/cst/TypedConstant;)V @ 14
Event: 2.548 Thread 0x000000001628f800 Uncommon trap: reason=unstable_if action=reinterpret pc=0x000000000263383c method=java.util.HashMap.resize()[Ljava/util/HashMap$Node; @ 206
Event: 2.563 Thread 0x0000000016299000 Uncommon trap: reason=bimorphic action=maybe_recompile pc=0x00000000028bdbe8 method=java.util.HashMap.putVal(ILjava/lang/Object;Ljava/lang/Object;ZZ)Ljava/lang/Object; @ 203
Event: 2.563 Thread 0x0000000016299000 Uncommon trap: reason=bimorphic action=maybe_recompile pc=0x00000000028bdbe8 method=java.util.HashMap.putVal(ILjava/lang/Object;Ljava/lang/Object;ZZ)Ljava/lang/Object; @ 203
Event: 2.656 Thread 0x0000000016270800 Uncommon trap: reason=unstable_if action=reinterpret pc=0x00000000028b3160 method=java.util.HashMap.getNode(ILjava/lang/Object;)Ljava/util/HashMap$Node; @ 84
Event: 3.125 Thread 0x0000000016299000 Uncommon trap: reason=bimorphic action=maybe_recompile pc=0x0000000002910330 method=com.android.dx.cf.code.BytecodeArray.parseInstruction(ILcom/android/dx/cf/code/BytecodeArray$Visitor;)I @ 1477
Event: 3.125 Thread 0x0000000016299000 Uncommon trap: reason=bimorphic action=maybe_recompile pc=0x0000000002910330 method=com.android.dx.cf.code.BytecodeArray.parseInstruction(ILcom/android/dx/cf/code/BytecodeArray$Visitor;)I @ 1477
Event: 3.125 Thread 0x0000000016299000 Uncommon trap: reason=bimorphic action=maybe_recompile pc=0x0000000002910330 method=com.android.dx.cf.code.BytecodeArray.parseInstruction(ILcom/android/dx/cf/code/BytecodeArray$Visitor;)I @ 1477
Event: 3.125 Thread 0x0000000016299000 Uncommon trap: reason=bimorphic action=maybe_recompile pc=0x0000000002910330 method=com.android.dx.cf.code.BytecodeArray.parseInstruction(ILcom/android/dx/cf/code/BytecodeArray$Visitor;)I @ 1477

Classes redefined (0 events):
No events

Internal exceptions (6 events):
Event: 0.025 Thread 0x00000000006be000 Exception <a 'java/lang/NoSuchMethodError': Method sun.misc.Unsafe.defineClass(Ljava/lang/String;[BII)Ljava/lang/Class; name or signature does not match> (0x00000000eab07ca8) thrown at [D:\src\AOSP-openjdk-cygwin\jdk8u\hotspot\src\share\vm\prims\jni.cpp, 
Event: 0.025 Thread 0x00000000006be000 Exception <a 'java/lang/NoSuchMethodError': Method sun.misc.Unsafe.prefetchRead(Ljava/lang/Object;J)V name or signature does not match> (0x00000000eab07f90) thrown at [D:\src\AOSP-openjdk-cygwin\jdk8u\hotspot\src\share\vm\prims\jni.cpp, line 4011]
Event: 1.681 Thread 0x0000000016270800 Implicit null exception at 0x000000000271be62 to 0x000000000271bf52
Event: 2.395 Thread 0x00000000006be000 Exception <a 'java/lang/ArrayIndexOutOfBoundsException': 18> (0x00000000ecd04a18) thrown at [D:\src\AOSP-openjdk-cygwin\jdk8u\hotspot\src\share\vm\interpreter\interpreterRuntime.cpp, line 366]
Event: 2.395 Thread 0x00000000006be000 Exception <a 'java/lang/ArrayIndexOutOfBoundsException'> (0x00000000ecd06598) thrown at [D:\src\AOSP-openjdk-cygwin\jdk8u\hotspot\src\share\vm\runtime\sharedRuntime.cpp, line 605]
Event: 2.396 Thread 0x00000000006be000 Exception <a 'java/lang/ArrayIndexOutOfBoundsException'> (0x00000000ecd07880) thrown at [D:\src\AOSP-openjdk-cygwin\jdk8u\hotspot\src\share\vm\runtime\sharedRuntime.cpp, line 605]

Events (10 events):
Event: 3.125 Thread 0x0000000016299000 DEOPT UNPACKING pc=0x000000000213556a sp=0x0000000016c1e338 mode 2
Event: 3.125 Thread 0x0000000016299000 Uncommon trap: trap_request=0xffffffc6 fr.pc=0x0000000002910330
Event: 3.125 Thread 0x0000000016299000 DEOPT PACKING pc=0x0000000002910330 sp=0x0000000016c1e3a0
Event: 3.125 Thread 0x0000000016299000 DEOPT UNPACKING pc=0x000000000213556a sp=0x0000000016c1e338 mode 2
Event: 3.125 Thread 0x0000000016299000 Uncommon trap: trap_request=0xffffffc6 fr.pc=0x0000000002910330
Event: 3.125 Thread 0x0000000016299000 DEOPT PACKING pc=0x0000000002910330 sp=0x0000000016c1e3a0
Event: 3.125 Thread 0x0000000016299000 DEOPT UNPACKING pc=0x000000000213556a sp=0x0000000016c1e338 mode 2
Event: 3.125 Thread 0x0000000016299000 Uncommon trap: trap_request=0xffffffc6 fr.pc=0x0000000002910330
Event: 3.125 Thread 0x0000000016299000 DEOPT PACKING pc=0x0000000002910330 sp=0x0000000016c1e3a0
Event: 3.125 Thread 0x0000000016299000 DEOPT UNPACKING pc=0x000000000213556a sp=0x0000000016c1e338 mode 2


Dynamic libraries:
0x00007ff63ff50000 - 0x00007ff63ff81000 	C:\Program Files\Android\Android Studio\jre\bin\java.exe
0x00007ffd43910000 - 0x00007ffd43abd000 	C:\Windows\SYSTEM32\ntdll.dll
0x00007ffd41990000 - 0x00007ffd41aca000 	C:\Windows\system32\KERNEL32.DLL
0x00007ffd364c0000 - 0x00007ffd364d4000 	C:\Program Files\AVAST Software\Avast\x64\aswhooka.dll
0x00007ffd40f00000 - 0x00007ffd41015000 	C:\Windows\system32\KERNELBASE.dll
0x00007ffd41c80000 - 0x00007ffd41d25000 	C:\Windows\system32\ADVAPI32.dll
0x00007ffd420f0000 - 0x00007ffd42261000 	C:\Windows\system32\USER32.dll
0x00007ffd3e5f0000 - 0x00007ffd3e86b000 	C:\Windows\WinSxS\amd64_microsoft.windows.common-controls_6595b64144ccf1df_6.0.9600.18006_none_623f33d3ecbe86e8\COMCTL32.dll
0x00007ffd41020000 - 0x00007ffd410c7000 	C:\Windows\system32\msvcrt.dll
0x00007ffd41510000 - 0x00007ffd41569000 	C:\Windows\SYSTEM32\sechost.dll
0x00007ffd41840000 - 0x00007ffd41976000 	C:\Windows\system32\RPCRT4.dll
0x00007ffd41b30000 - 0x00007ffd41c75000 	C:\Windows\system32\GDI32.dll
0x00007ffd437a0000 - 0x00007ffd437d4000 	C:\Windows\system32\IMM32.DLL
0x00007ffd41360000 - 0x00007ffd41499000 	C:\Windows\system32\MSCTF.dll
0x0000000053d80000 - 0x0000000053e52000 	C:\Program Files\Android\Android Studio\jre\jre\bin\msvcr100.dll
0x0000000053f60000 - 0x000000005479e000 	C:\Program Files\Android\Android Studio\jre\jre\bin\server\jvm.dll
0x00007ffd38370000 - 0x00007ffd38379000 	C:\Windows\SYSTEM32\WSOCK32.dll
0x00007ffd3e2f0000 - 0x00007ffd3e30f000 	C:\Windows\SYSTEM32\WINMM.dll
0x00007ffd3e2e0000 - 0x00007ffd3e2ea000 	C:\Windows\SYSTEM32\VERSION.dll
0x00007ffd41570000 - 0x00007ffd41577000 	C:\Windows\system32\PSAPI.DLL
0x00007ffd414a0000 - 0x00007ffd414fa000 	C:\Windows\system32\WS2_32.dll
0x00007ffd3e2b0000 - 0x00007ffd3e2da000 	C:\Windows\SYSTEM32\WINMMBASE.dll
0x00007ffd41980000 - 0x00007ffd41989000 	C:\Windows\system32\NSI.dll
0x00007ffd40e60000 - 0x00007ffd40eaa000 	C:\Windows\SYSTEM32\cfgmgr32.dll
0x00007ffd3f940000 - 0x00007ffd3f966000 	C:\Windows\SYSTEM32\DEVOBJ.dll
0x00007ffd36110000 - 0x00007ffd3611f000 	C:\Program Files\Android\Android Studio\jre\jre\bin\verify.dll
0x00007ffd2bf50000 - 0x00007ffd2bf79000 	C:\Program Files\Android\Android Studio\jre\jre\bin\java.dll
0x00007ffd31980000 - 0x00007ffd31996000 	C:\Program Files\Android\Android Studio\jre\jre\bin\zip.dll
0x00007ffd42270000 - 0x00007ffd4379a000 	C:\Windows\system32\SHELL32.dll
0x00007ffd41ed0000 - 0x00007ffd420e1000 	C:\Windows\SYSTEM32\combase.dll
0x00007ffd41ad0000 - 0x00007ffd41b21000 	C:\Windows\system32\SHLWAPI.dll
0x00007ffd3f100000 - 0x00007ffd3f19f000 	C:\Windows\SYSTEM32\SHCORE.dll
0x00007ffd40b00000 - 0x00007ffd40b14000 	C:\Windows\SYSTEM32\profapi.dll

VM Arguments:
jvm_args: -Djava.awt.headless=true -Xmx1024M -Dfile.encoding=windows-1252 -Duser.country=FR -Duser.language=fr -Duser.variant 
java_command: com.android.dx.command.Main --dex --num-threads=4 --multi-dex --output D:\projets\boxs\box\BoxPreventium\app\build\intermediates\transforms\preDex\release\0 --min-sdk-version 23 D:\projets\boxs\box\BoxPreventium\app\build\intermediates\classes\release
java_class_path (initial): D:\projets\SDK\build-tools\26.0.2\lib\dx.jar
Launcher Type: SUN_STANDARD

Environment Variables:
JAVA_HOME=C:\Program Files\Java\jdk1.8.0_144\bin
PATH=D:\Python27\;D:\Python27\Scripts;C:\Program Files (x86)\Common Files\Intel\Shared Libraries\redist\intel64\compiler;C:\ProgramData\Oracle\Java\javapath;C:\Windows\system32;C:\Windows;C:\Windows\System32\Wbem;C:\Windows\System32\WindowsPowerShell\v1.0\;C:\xampp\php;C:\Program Files\nodejs\;C:\Program Files\Git\cmd;C:\Program Files\Git\mingw64\bin;C:\Program Files\Git\usr\bin;C:\xampp\htdocs\Symfony\bin;%MINGW_HOME%\bin;C:\Program Files\Microsoft SQL Server\110\Tools\Binn\;C:\Program Files\MySQL\MySQL Utilities 1.6\;C:\composer;C:\Program Files\Java\jdk1.8.0_144\bin;C:\Program Files\dotnet\;C:\Program Files\PuTTY\;C:\Program Files\Microsoft VS Code\bin;C:\Program Files (x86)\Skype\Phone\;C:\Users\tog\AppData\Roaming\npm;C:\MinGW\bin;C:\Users\tog\AppData\Roaming\Composer\vendor\bin;C:\Program Files\Microsoft VS Code\bin
USERNAME=tog
OS=Windows_NT
PROCESSOR_IDENTIFIER=Intel64 Family 6 Model 58 Stepping 9, GenuineIntel



---------------  S Y S T E M  ---------------

OS: Windows 8.1 , 64 bit Build 9600 (6.3.9600.17031)

CPU:total 4 (initial active 4) (2 cores per cpu, 2 threads per core) family 6 model 58 stepping 9, cmov, cx8, fxsr, mmx, sse, sse2, sse3, ssse3, sse4.1, sse4.2, popcnt, avx, clmul, erms, ht, tsc, tscinvbit, tscinv

Memory: 4k page, physical 6274292k(753800k free), swap 8371444k(7420k free)

vm_info: OpenJDK 64-Bit Server VM (25.152-b01) for windows-amd64 JRE (1.8.0_152-release-915-b01), built by "builder" with MS VC++ 10.0 (VS2010)

time: Thu Jan 10 17:27:36 2019
elapsed time: 3 seconds (0d 0h 0m 3s)

